[2025-12-02T03:12:52.437+0000] {manager.py:486} INFO - Processing files using up to 2 processes at a time 
[2025-12-02T03:12:52.441+0000] {manager.py:487} INFO - Process each file at most once every 30 seconds
[2025-12-02T03:12:52.444+0000] {manager.py:488} INFO - Checking for new files in /opt/airflow/dags every 300 seconds
[2025-12-02T03:12:52.447+0000] {manager.py:832} INFO - Searching for files in /opt/airflow/dags
[2025-12-02T03:12:52.457+0000] {manager.py:835} INFO - There are 0 files in /opt/airflow/dags
[2025-12-02T03:17:52.546+0000] {manager.py:832} INFO - Searching for files in /opt/airflow/dags
[2025-12-02T03:17:52.571+0000] {manager.py:835} INFO - There are 0 files in /opt/airflow/dags
[2025-12-02T03:22:52.619+0000] {manager.py:832} INFO - Searching for files in /opt/airflow/dags
[2025-12-02T03:22:52.647+0000] {manager.py:835} INFO - There are 0 files in /opt/airflow/dags
[2025-12-02T03:27:53.122+0000] {manager.py:832} INFO - Searching for files in /opt/airflow/dags
[2025-12-02T03:27:53.155+0000] {manager.py:835} INFO - There are 0 files in /opt/airflow/dags
[2025-12-02T03:32:53.690+0000] {manager.py:832} INFO - Searching for files in /opt/airflow/dags
[2025-12-02T03:32:53.700+0000] {manager.py:835} INFO - There are 0 files in /opt/airflow/dags
[2025-12-02T03:37:54.449+0000] {manager.py:832} INFO - Searching for files in /opt/airflow/dags
[2025-12-02T03:37:54.499+0000] {manager.py:835} INFO - There are 0 files in /opt/airflow/dags
[2025-12-02T03:42:54.542+0000] {manager.py:832} INFO - Searching for files in /opt/airflow/dags
[2025-12-02T03:42:56.604+0000] {manager.py:835} INFO - There are 0 files in /opt/airflow/dags
[2025-12-02T03:47:55.025+0000] {manager.py:832} INFO - Searching for files in /opt/airflow/dags
[2025-12-02T03:47:55.474+0000] {manager.py:835} INFO - There are 0 files in /opt/airflow/dags
[2025-12-02T03:52:55.386+0000] {manager.py:832} INFO - Searching for files in /opt/airflow/dags
[2025-12-02T03:52:55.517+0000] {manager.py:835} INFO - There are 0 files in /opt/airflow/dags
[2025-12-06T08:06:39.593+0000] {manager.py:486} INFO - Processing files using up to 2 processes at a time 
[2025-12-06T08:06:39.595+0000] {manager.py:487} INFO - Process each file at most once every 30 seconds
[2025-12-06T08:06:39.596+0000] {manager.py:488} INFO - Checking for new files in /opt/airflow/dags every 300 seconds
[2025-12-06T08:06:39.598+0000] {manager.py:832} INFO - Searching for files in /opt/airflow/dags
[2025-12-06T08:06:39.602+0000] {manager.py:835} INFO - There are 0 files in /opt/airflow/dags
[2025-12-06T08:11:40.329+0000] {manager.py:832} INFO - Searching for files in /opt/airflow/dags
[2025-12-06T08:11:40.386+0000] {manager.py:835} INFO - There are 0 files in /opt/airflow/dags
[2025-12-06T08:16:40.343+0000] {manager.py:832} INFO - Searching for files in /opt/airflow/dags
[2025-12-06T08:16:40.366+0000] {manager.py:835} INFO - There are 0 files in /opt/airflow/dags
[2025-12-06T08:24:35.020+0000] {manager.py:832} INFO - Searching for files in /opt/airflow/dags
[2025-12-06T08:24:35.226+0000] {manager.py:835} INFO - There are 0 files in /opt/airflow/dags
[2025-12-06T08:24:37.056+0000] {manager.py:468} INFO - Exiting gracefully upon receiving signal 15
[2025-12-06T08:24:50.169+0000] {manager.py:486} INFO - Processing files using up to 2 processes at a time 
[2025-12-06T08:24:50.173+0000] {manager.py:487} INFO - Process each file at most once every 30 seconds
[2025-12-06T08:24:50.175+0000] {manager.py:488} INFO - Checking for new files in /opt/airflow/dags every 300 seconds
[2025-12-06T08:24:50.177+0000] {manager.py:832} INFO - Searching for files in /opt/airflow/dags
[2025-12-06T08:24:50.278+0000] {manager.py:835} INFO - There are 0 files in /opt/airflow/dags
